<?xml version="1.0" encoding="UTF-8"?>
<testsuite name="Cucumber" time="18.161" tests="1" skipped="0" failures="1" errors="0" timestamp="2025-11-28T10:21:48.934500600Z">
<testcase classname="Registration Functionality" name="To verify Registration functionality by entering valid credentials" time="17.791">
<failure type="java.lang.AssertionError" message="expected [Your Account Has Been Created!] but found [Register Account]">
<![CDATA[java.lang.AssertionError: expected [Your Account Has Been Created!] but found [Register Account]
	at org.testng.Assert.fail(Assert.java:111)
	at org.testng.Assert.failNotEquals(Assert.java:1590)
	at org.testng.Assert.assertEqualsImpl(Assert.java:150)
	at org.testng.Assert.assertEquals(Assert.java:132)
	at org.testng.Assert.assertEquals(Assert.java:656)
	at org.testng.Assert.assertEquals(Assert.java:666)
	at stepdefiniton.TC_RF_001.user_should_be_registered(TC_RF_001.java:80)
	at âœ½.User should be Registered(file:///C:/Users/anish/Documents/workspace-spring-tools-for-eclipse-4.32.2.RELEASE/PentaLife/featurepenta/Registration.feature:16)
]]>
</failure>
<system-out><![CDATA[
Given User has opened the browser and launched the application..............passed
When User enters valid First name...........................................passed
And User enters valid Last name.............................................passed
And User enters valid Email ID..............................................passed
And User enters valid Telephone.............................................passed
And User enters valid Password..............................................passed
And User enters valid Confirm Password......................................passed
And User clicks on radion button no.........................................passed
And User clicks on privacy policy checkbox..................................passed
And User cliks on continue button...........................................passed
Then User should be Registered..............................................failed
]]></system-out>
</testcase>
</testsuite>
