<?xml version="1.0" encoding="UTF-8"?>
<testng-results ignored="0" total="1" passed="0" failed="1" skipped="0">
  <reporter-output>
  </reporter-output>
  <suite started-at="2025-11-28T15:51:47 IST" name="Default suite" finished-at="2025-11-28T15:52:07 IST" duration-ms="19372">
    <groups>
      <group name="cucumber">
        <method signature="AbstractTestNGCucumberTests.runScenario(io.cucumber.testng.PickleWrapper,io.cucumber.testng.FeatureWrapper)[pri:0, instance:runnerfile.runnerdemo@587e5365]" name="runScenario" class="io.cucumber.testng.AbstractTestNGCucumberTests"/>
      </group> <!-- cucumber -->
    </groups>
    <test started-at="2025-11-28T15:51:47 IST" name="Default test" finished-at="2025-11-28T15:52:07 IST" duration-ms="19372">
      <class name="runnerfile.runnerdemo">
        <test-method is-config="true" signature="setUpClass(org.testng.ITestContext)[pri:0, instance:runnerfile.runnerdemo@587e5365]" started-at="2025-11-28T15:51:48 IST" name="setUpClass" finished-at="2025-11-28T15:51:49 IST" duration-ms="1059" status="PASS">
          <params>
            <param index="0">
              <value>
                <![CDATA[org.testng.TestRunner@27a2a089]]>
              </value>
            </param>
          </params>
          <reporter-output>
          </reporter-output>
        </test-method> <!-- setUpClass -->
        <test-method signature="runScenario(io.cucumber.testng.PickleWrapper,io.cucumber.testng.FeatureWrapper)[pri:0, instance:runnerfile.runnerdemo@587e5365]" started-at="2025-11-28T15:51:49 IST" name="runScenario" description="Runs Cucumber Scenarios" data-provider="scenarios" finished-at="2025-11-28T15:52:07 IST" duration-ms="17942" status="FAIL">
          <params>
            <param index="0">
              <value>
                <![CDATA["To verify Registration functionality by entering valid credentials"]]>
              </value>
            </param>
            <param index="1">
              <value>
                <![CDATA["Registration Functionality"]]>
              </value>
            </param>
          </params>
          <exception class="java.lang.AssertionError">
            <message>
              <![CDATA[expected [Your Account Has Been Created!] but found [Register Account]]]>
            </message>
            <full-stacktrace>
              <![CDATA[java.lang.AssertionError: expected [Your Account Has Been Created!] but found [Register Account]
at org.testng.Assert.fail(Assert.java:111)
at org.testng.Assert.failNotEquals(Assert.java:1590)
at org.testng.Assert.assertEqualsImpl(Assert.java:150)
at org.testng.Assert.assertEquals(Assert.java:132)
at org.testng.Assert.assertEquals(Assert.java:656)
at org.testng.Assert.assertEquals(Assert.java:666)
at stepdefiniton.TC_RF_001.user_should_be_registered(TC_RF_001.java:80)
at âœ½.User should be Registered(file:///C:/Users/anish/Documents/workspace-spring-tools-for-eclipse-4.32.2.RELEASE/PentaLife/featurepenta/Registration.feature:16)
]]>
            </full-stacktrace>
          </exception> <!-- java.lang.AssertionError -->
          <reporter-output>
          </reporter-output>
        </test-method> <!-- runScenario -->
        <test-method is-config="true" signature="tearDownClass()[pri:0, instance:runnerfile.runnerdemo@587e5365]" started-at="2025-11-28T15:52:07 IST" name="tearDownClass" finished-at="2025-11-28T15:52:07 IST" duration-ms="269" status="PASS">
          <reporter-output>
          </reporter-output>
        </test-method> <!-- tearDownClass -->
      </class> <!-- runnerfile.runnerdemo -->
    </test> <!-- Default test -->
  </suite> <!-- Default suite -->
</testng-results>
