<?xml version="1.0" encoding="UTF-8"?>
<!-- Generated by org.testng.reporters.JUnitReportReporter -->
<testsuite hostname="BELLA" failures="1" tests="1" name="runnerfile.runnerdemo" time="17.942" errors="0" timestamp="2025-11-28T15:52:07 IST" skipped="0">
  <testcase classname="runnerfile.runnerdemo" name="runScenario" time="17.942">
    <failure message="expected [Your Account Has Been Created!] but found [Register Account]" type="java.lang.AssertionError">
      <![CDATA[java.lang.AssertionError: expected [Your Account Has Been Created!] but found [Register Account]
at org.testng.Assert.fail(Assert.java:111)
at org.testng.Assert.failNotEquals(Assert.java:1590)
at org.testng.Assert.assertEqualsImpl(Assert.java:150)
at org.testng.Assert.assertEquals(Assert.java:132)
at org.testng.Assert.assertEquals(Assert.java:656)
at org.testng.Assert.assertEquals(Assert.java:666)
at stepdefiniton.TC_RF_001.user_should_be_registered(TC_RF_001.java:80)
at ✽.User should be Registered(file:///C:/Users/anish/Documents/workspace-spring-tools-for-eclipse-4.32.2.RELEASE/PentaLife/featurepenta/Registration.feature:16)
]]>
    </failure>
  </testcase> <!-- runScenario -->
</testsuite> <!-- runnerfile.runnerdemo -->
